2018-03-31 11:15:52.991 INFO [main][:] - Starting ImsGatewayMain on GW-WAYNE-0 with PID 5824 (Y:\GTS2_API_Workspace\ims\ims-gateway\target\classes started by wayne in Y:\GTS2_API_Workspace\ims\ims-gateway)
2018-03-31 11:15:53.443 INFO [main][:] - Loading XML bean definitions from file [Y:\GTS2_API_Workspace\ims\ims-gateway\target\classes\spring-context.xml]
2018-03-31 11:15:53.694 INFO [main][:] - Loading XML bean definitions from file [Y:\GTS2_API_Workspace\ims\ims-gateway\target\classes\spring-dubbo-consumer.xml]
2018-03-31 11:15:53.888 INFO [main][:] - Refreshing org.springframework.boot.context.embedded.AnnotationConfigEmbeddedWebApplicationContext@3336e6b6: startup date [Sat Mar 31 11:15:53 CST 2018]; root of context hierarchy
2018-03-31 11:15:55.365 INFO [main][:] - Overriding bean definition for bean 'beanNameViewResolver' with a different definition: replacing [Root bean: class [null]; scope=; abstract=false; lazyInit=false; autowireMode=3; dependencyCheck=0; autowireCandidate=true; primary=false; factoryBeanName=org.springframework.boot.autoconfigure.web.ErrorMvcAutoConfiguration$WhitelabelErrorViewConfiguration; factoryMethodName=beanNameViewResolver; initMethodName=null; destroyMethodName=(inferred); defined in class path resource [org/springframework/boot/autoconfigure/web/ErrorMvcAutoConfiguration$WhitelabelErrorViewConfiguration.class]] with [Root bean: class [null]; scope=; abstract=false; lazyInit=false; autowireMode=3; dependencyCheck=0; autowireCandidate=true; primary=false; factoryBeanName=org.springframework.boot.autoconfigure.web.WebMvcAutoConfiguration$WebMvcAutoConfigurationAdapter; factoryMethodName=beanNameViewResolver; initMethodName=null; destroyMethodName=(inferred); defined in class path resource [org/springframework/boot/autoconfigure/web/WebMvcAutoConfiguration$WebMvcAutoConfigurationAdapter.class]]
2018-03-31 11:15:55.761 INFO [main][:] - Loading properties file from class path resource [application.properties]
2018-03-31 11:15:56.519 INFO [main][:] - Bean 'org.springframework.transaction.annotation.ProxyTransactionManagementConfiguration' of type [class org.springframework.transaction.annotation.ProxyTransactionManagementConfiguration$$EnhancerBySpringCGLIB$$f856d13e] is not eligible for getting processed by all BeanPostProcessors (for example: not eligible for auto-proxying)
2018-03-31 11:15:57.207 INFO [main][:] - Tomcat initialized with port(s): 9099 (http)
2018-03-31 11:15:57.681 INFO [localhost-startStop-1][:] - Root WebApplicationContext: initialization completed in 3797 ms
2018-03-31 11:15:58.570 INFO [localhost-startStop-1][:] - Mapping filter: 'characterEncodingFilter' to: [/*]
2018-03-31 11:15:58.571 INFO [localhost-startStop-1][:] - Mapping filter: 'hiddenHttpMethodFilter' to: [/*]
2018-03-31 11:15:58.572 INFO [localhost-startStop-1][:] - Mapping filter: 'xssFilter' to urls: [/]
2018-03-31 11:15:58.572 INFO [localhost-startStop-1][:] - Mapping servlet: 'dispatcherServlet' to [/]
2018-03-31 11:15:58.665 INFO [main][:] - Initializing ExecutorService  'taskExecutor'
2018-03-31 11:15:59.272 INFO [main][:] - Looking for @ControllerAdvice: org.springframework.boot.context.embedded.AnnotationConfigEmbeddedWebApplicationContext@3336e6b6: startup date [Sat Mar 31 11:15:53 CST 2018]; root of context hierarchy
2018-03-31 11:15:59.285 INFO [main][:] - Detected ResponseBodyAdvice bean in jsonpAdvice
2018-03-31 11:15:59.395 INFO [main][:] - Mapped "{[/error]}" onto public org.springframework.http.ResponseEntity<java.util.Map<java.lang.String, java.lang.Object>> org.springframework.boot.autoconfigure.web.BasicErrorController.error(javax.servlet.http.HttpServletRequest)
2018-03-31 11:15:59.397 INFO [main][:] - Mapped "{[/error],produces=[text/html]}" onto public org.springframework.web.servlet.ModelAndView org.springframework.boot.autoconfigure.web.BasicErrorController.errorHtml(javax.servlet.http.HttpServletRequest)
2018-03-31 11:15:59.451 INFO [main][:] - Mapped URL path [/webjars/**] onto handler of type [class org.springframework.web.servlet.resource.ResourceHttpRequestHandler]
2018-03-31 11:15:59.452 INFO [main][:] - Mapped URL path [/**] onto handler of type [class org.springframework.web.servlet.resource.ResourceHttpRequestHandler]
2018-03-31 11:15:59.497 INFO [main][:] - Detected ResponseBodyAdvice implementation in jsonpAdvice
2018-03-31 11:15:59.536 INFO [main][:] - Mapped URL path [/**/favicon.ico] onto handler of type [class org.springframework.web.servlet.resource.ResourceHttpRequestHandler]
2018-03-31 11:16:00.240 INFO [main][:] - Registering beans for JMX exposure on startup
2018-03-31 11:16:00.522 INFO [main][:] - Tomcat started on port(s): 9099 (http)
2018-03-31 11:16:00.527 INFO [main][:] - Started ImsGatewayMain in 7.929 seconds (JVM running for 9.177)
2018-03-31 11:16:00.528 WARN [main][:] - ImsGatewayMain->Ims gateway start !!!!
2018-03-31 11:26:27.320 INFO [main][:] - Starting ImsGatewayMain on GW-WAYNE-0 with PID 8928 (Y:\GTS2_API_Workspace\ims\ims-gateway\target\classes started by wayne in Y:\GTS2_API_Workspace\ims\ims-gateway)
2018-03-31 11:26:27.767 INFO [main][:] - Loading XML bean definitions from file [Y:\GTS2_API_Workspace\ims\ims-gateway\target\classes\spring-context.xml]
2018-03-31 11:26:27.992 INFO [main][:] - Loading XML bean definitions from file [Y:\GTS2_API_Workspace\ims\ims-gateway\target\classes\spring-dubbo-consumer.xml]
2018-03-31 11:26:28.136 INFO [main][:] - Refreshing org.springframework.boot.context.embedded.AnnotationConfigEmbeddedWebApplicationContext@3336e6b6: startup date [Sat Mar 31 11:26:28 CST 2018]; root of context hierarchy
2018-03-31 11:26:29.685 INFO [main][:] - Overriding bean definition for bean 'beanNameViewResolver' with a different definition: replacing [Root bean: class [null]; scope=; abstract=false; lazyInit=false; autowireMode=3; dependencyCheck=0; autowireCandidate=true; primary=false; factoryBeanName=org.springframework.boot.autoconfigure.web.ErrorMvcAutoConfiguration$WhitelabelErrorViewConfiguration; factoryMethodName=beanNameViewResolver; initMethodName=null; destroyMethodName=(inferred); defined in class path resource [org/springframework/boot/autoconfigure/web/ErrorMvcAutoConfiguration$WhitelabelErrorViewConfiguration.class]] with [Root bean: class [null]; scope=; abstract=false; lazyInit=false; autowireMode=3; dependencyCheck=0; autowireCandidate=true; primary=false; factoryBeanName=org.springframework.boot.autoconfigure.web.WebMvcAutoConfiguration$WebMvcAutoConfigurationAdapter; factoryMethodName=beanNameViewResolver; initMethodName=null; destroyMethodName=(inferred); defined in class path resource [org/springframework/boot/autoconfigure/web/WebMvcAutoConfiguration$WebMvcAutoConfigurationAdapter.class]]
2018-03-31 11:26:30.049 INFO [main][:] - Loading properties file from class path resource [application.properties]
2018-03-31 11:26:30.567 INFO [main][:] - Bean 'org.springframework.transaction.annotation.ProxyTransactionManagementConfiguration' of type [class org.springframework.transaction.annotation.ProxyTransactionManagementConfiguration$$EnhancerBySpringCGLIB$$787fcab] is not eligible for getting processed by all BeanPostProcessors (for example: not eligible for auto-proxying)
2018-03-31 11:26:31.233 INFO [main][:] - Tomcat initialized with port(s): 9099 (http)
2018-03-31 11:26:31.606 INFO [localhost-startStop-1][:] - Root WebApplicationContext: initialization completed in 3473 ms
2018-03-31 11:26:32.398 INFO [localhost-startStop-1][:] - Mapping filter: 'characterEncodingFilter' to: [/*]
2018-03-31 11:26:32.399 INFO [localhost-startStop-1][:] - Mapping filter: 'hiddenHttpMethodFilter' to: [/*]
2018-03-31 11:26:32.399 INFO [localhost-startStop-1][:] - Mapping filter: 'xssFilter' to urls: [/]
2018-03-31 11:26:32.399 INFO [localhost-startStop-1][:] - Mapping servlet: 'dispatcherServlet' to [/]
2018-03-31 11:26:32.497 INFO [main][:] - Initializing ExecutorService  'taskExecutor'
2018-03-31 11:26:33.030 INFO [main][:] - Looking for @ControllerAdvice: org.springframework.boot.context.embedded.AnnotationConfigEmbeddedWebApplicationContext@3336e6b6: startup date [Sat Mar 31 11:26:28 CST 2018]; root of context hierarchy
2018-03-31 11:26:33.042 INFO [main][:] - Detected ResponseBodyAdvice bean in jsonpAdvice
2018-03-31 11:26:33.158 INFO [main][:] - Mapped "{[/error]}" onto public org.springframework.http.ResponseEntity<java.util.Map<java.lang.String, java.lang.Object>> org.springframework.boot.autoconfigure.web.BasicErrorController.error(javax.servlet.http.HttpServletRequest)
2018-03-31 11:26:33.160 INFO [main][:] - Mapped "{[/error],produces=[text/html]}" onto public org.springframework.web.servlet.ModelAndView org.springframework.boot.autoconfigure.web.BasicErrorController.errorHtml(javax.servlet.http.HttpServletRequest)
2018-03-31 11:26:33.218 INFO [main][:] - Mapped URL path [/webjars/**] onto handler of type [class org.springframework.web.servlet.resource.ResourceHttpRequestHandler]
2018-03-31 11:26:33.218 INFO [main][:] - Mapped URL path [/**] onto handler of type [class org.springframework.web.servlet.resource.ResourceHttpRequestHandler]
2018-03-31 11:26:33.257 INFO [main][:] - Detected ResponseBodyAdvice implementation in jsonpAdvice
2018-03-31 11:26:33.301 INFO [main][:] - Mapped URL path [/**/favicon.ico] onto handler of type [class org.springframework.web.servlet.resource.ResourceHttpRequestHandler]
2018-03-31 11:26:33.984 INFO [main][:] - Registering beans for JMX exposure on startup
2018-03-31 11:26:34.269 INFO [main][:] - Tomcat started on port(s): 9099 (http)
2018-03-31 11:26:34.277 INFO [main][:] - Started ImsGatewayMain in 7.352 seconds (JVM running for 8.57)
2018-03-31 11:26:34.278 WARN [main][:] - ImsGatewayMain->Ims gateway start !!!!
